{"uuid":"254a0a82-53aa-46ab-b60a-59be6524c293","historyId":"2f6a2ca4ad6fd37dd2207fbd477ca614","fullName":"com.testCase.NewsBtnTest.chargerTest","labels":[{"name":"package","value":"com.testCase.NewsBtnTest"},{"name":"testClass","value":"com.testCase.NewsBtnTest"},{"name":"testMethod","value":"chargerTest"},{"name":"parentSuite","value":"Default Suite"},{"name":"suite","value":"TestM"},{"name":"subSuite","value":"com.testCase.NewsBtnTest"},{"name":"host","value":"Supreets-MacBook-Pro.local"},{"name":"thread","value":"4314@Supreets-MacBook-Pro.local.main(1)"},{"name":"epic","value":"Regression Tests"},{"name":"feature","value":"News"},{"name":"story","value":"SplashScreen"},{"name":"severity","value":"blocker"}],"links":[],"name":"chargerTest","status":"broken","statusDetails":{"known":false,"muted":false,"flaky":false,"message":"Timed out after 30 seconds waiting for visibility of element located by By.id: nl.ns.android.activity:id/primaryAction\nBuild info: version: '2.53.1', revision: 'a36b8b1cd5757287168e54b817830adce9b0158d', time: '2016-06-30 19:26:09'\nSystem info: host: 'Supreets-MacBook-Pro.local', ip: '10.20.2.149', os.name: 'Mac OS X', os.arch: 'x86_64', os.version: '10.13.6', java.version: '1.8.0_151'\nDriver info: io.appium.java_client.android.AndroidDriver\nCapabilities [{appPackage=nl.ns.android.activity, deviceScreenSize=1080x1920, networkConnectionEnabled=true, warnings={}, databaseEnabled=false, deviceName=83026d83, version=8.1.0, platform=LINUX, deviceUDID=83026d83, appActivity=nl.ns.android.activity.start.StartActivity, desired={appPackage=nl.ns.android.activity, appActivity=nl.ns.android.activity.start.StartActivity, platformName=Android, udid=83026d83, deviceName=OnePlus 5, version=8.1.0}, platformVersion=8.1.0, webStorageEnabled=false, locationContextEnabled=false, takesScreenshot=true, javascriptEnabled=true, deviceModel=ONEPLUS A5000, platformName=Android, udid=83026d83, deviceManufacturer=OnePlus}]\nSession ID: 6d8e7d3a-bbd5-494d-9075-d78df6c6e512","trace":"org.openqa.selenium.TimeoutException: Timed out after 30 seconds waiting for visibility of element located by By.id: nl.ns.android.activity:id/primaryAction\nBuild info: version: '2.53.1', revision: 'a36b8b1cd5757287168e54b817830adce9b0158d', time: '2016-06-30 19:26:09'\nSystem info: host: 'Supreets-MacBook-Pro.local', ip: '10.20.2.149', os.name: 'Mac OS X', os.arch: 'x86_64', os.version: '10.13.6', java.version: '1.8.0_151'\nDriver info: io.appium.java_client.android.AndroidDriver\nCapabilities [{appPackage=nl.ns.android.activity, deviceScreenSize=1080x1920, networkConnectionEnabled=true, warnings={}, databaseEnabled=false, deviceName=83026d83, version=8.1.0, platform=LINUX, deviceUDID=83026d83, appActivity=nl.ns.android.activity.start.StartActivity, desired={appPackage=nl.ns.android.activity, appActivity=nl.ns.android.activity.start.StartActivity, platformName=Android, udid=83026d83, deviceName=OnePlus 5, version=8.1.0}, platformVersion=8.1.0, webStorageEnabled=false, locationContextEnabled=false, takesScreenshot=true, javascriptEnabled=true, deviceModel=ONEPLUS A5000, platformName=Android, udid=83026d83, deviceManufacturer=OnePlus}]\nSession ID: 6d8e7d3a-bbd5-494d-9075-d78df6c6e512\n\tat org.openqa.selenium.support.ui.WebDriverWait.timeoutException(WebDriverWait.java:80)\n\tat org.openqa.selenium.support.ui.FluentWait.until(FluentWait.java:261)\n\tat com.page.BasePage.waitAndClick(BasePage.java:43)\n\tat com.page.SplashScreen.skipSplashScreen(SplashScreen.java:26)\n\tat com.testCase.NewsBtnTest.chargerTest(NewsBtnTest.java:31)\n\tat sun.reflect.NativeMethodAccessorImpl.invoke0(Native Method)\n\tat sun.reflect.NativeMethodAccessorImpl.invoke(NativeMethodAccessorImpl.java:62)\n\tat sun.reflect.DelegatingMethodAccessorImpl.invoke(DelegatingMethodAccessorImpl.java:43)\n\tat java.lang.reflect.Method.invoke(Method.java:498)\n\tat org.testng.internal.MethodInvocationHelper.invokeMethod(MethodInvocationHelper.java:124)\n\tat org.testng.internal.Invoker.invokeMethod(Invoker.java:583)\n\tat org.testng.internal.Invoker.invokeTestMethod(Invoker.java:719)\n\tat org.testng.internal.Invoker.invokeTestMethods(Invoker.java:989)\n\tat org.testng.internal.TestMethodWorker.invokeTestMethods(TestMethodWorker.java:125)\n\tat org.testng.internal.TestMethodWorker.run(TestMethodWorker.java:109)\n\tat org.testng.TestRunner.privateRun(TestRunner.java:648)\n\tat org.testng.TestRunner.run(TestRunner.java:505)\n\tat org.testng.SuiteRunner.runTest(SuiteRunner.java:455)\n\tat org.testng.SuiteRunner.runSequentially(SuiteRunner.java:450)\n\tat org.testng.SuiteRunner.privateRun(SuiteRunner.java:415)\n\tat org.testng.SuiteRunner.run(SuiteRunner.java:364)\n\tat org.testng.SuiteRunnerWorker.runSuite(SuiteRunnerWorker.java:52)\n\tat org.testng.SuiteRunnerWorker.run(SuiteRunnerWorker.java:84)\n\tat org.testng.TestNG.runSuitesSequentially(TestNG.java:1208)\n\tat org.testng.TestNG.runSuitesLocally(TestNG.java:1137)\n\tat org.testng.TestNG.runSuites(TestNG.java:1049)\n\tat org.testng.TestNG.run(TestNG.java:1017)\n\tat org.testng.IDEARemoteTestNG.run(IDEARemoteTestNG.java:72)\n\tat org.testng.RemoteTestNGStarter.main(RemoteTestNGStarter.java:123)\nCaused by: org.openqa.selenium.NoSuchElementException: An element could not be located on the page using the given search parameters. (WARNING: The server did not provide any stacktrace information)\nCommand duration or timeout: 15.11 seconds\nFor documentation on this error, please visit: http://seleniumhq.org/exceptions/no_such_element.html\nBuild info: version: '2.53.1', revision: 'a36b8b1cd5757287168e54b817830adce9b0158d', time: '2016-06-30 19:26:09'\nSystem info: host: 'Supreets-MacBook-Pro.local', ip: '10.20.2.149', os.name: 'Mac OS X', os.arch: 'x86_64', os.version: '10.13.6', java.version: '1.8.0_151'\nDriver info: io.appium.java_client.android.AndroidDriver\nCapabilities [{appPackage=nl.ns.android.activity, deviceScreenSize=1080x1920, networkConnectionEnabled=true, warnings={}, databaseEnabled=false, deviceName=83026d83, version=8.1.0, platform=LINUX, deviceUDID=83026d83, appActivity=nl.ns.android.activity.start.StartActivity, desired={appPackage=nl.ns.android.activity, appActivity=nl.ns.android.activity.start.StartActivity, platformName=Android, udid=83026d83, deviceName=OnePlus 5, version=8.1.0}, platformVersion=8.1.0, webStorageEnabled=false, locationContextEnabled=false, takesScreenshot=true, javascriptEnabled=true, deviceModel=ONEPLUS A5000, platformName=Android, udid=83026d83, deviceManufacturer=OnePlus}]\nSession ID: 6d8e7d3a-bbd5-494d-9075-d78df6c6e512\n*** Element info: {Using=id, value=nl.ns.android.activity:id/primaryAction}\n\tat sun.reflect.NativeConstructorAccessorImpl.newInstance0(Native Method)\n\tat sun.reflect.NativeConstructorAccessorImpl.newInstance(NativeConstructorAccessorImpl.java:62)\n\tat sun.reflect.DelegatingConstructorAccessorImpl.newInstance(DelegatingConstructorAccessorImpl.java:45)\n\tat java.lang.reflect.Constructor.newInstance(Constructor.java:423)\n\tat org.openqa.selenium.remote.ErrorHandler.createThrowable(ErrorHandler.java:206)\n\tat org.openqa.selenium.remote.ErrorHandler.throwIfResponseFailed(ErrorHandler.java:158)\n\tat org.openqa.selenium.remote.RemoteWebDriver.execute(RemoteWebDriver.java:678)\n\tat io.appium.java_client.DefaultGenericMobileDriver.execute(DefaultGenericMobileDriver.java:40)\n\tat io.appium.java_client.AppiumDriver.execute(AppiumDriver.java:1)\n\tat io.appium.java_client.android.AndroidDriver.execute(AndroidDriver.java:1)\n\tat org.openqa.selenium.remote.RemoteWebDriver.findElement(RemoteWebDriver.java:363)\n\tat io.appium.java_client.DefaultGenericMobileDriver.findElement(DefaultGenericMobileDriver.java:56)\n\tat io.appium.java_client.AppiumDriver.findElement(AppiumDriver.java:1)\n\tat io.appium.java_client.android.AndroidDriver.findElement(AndroidDriver.java:1)\n\tat org.openqa.selenium.remote.RemoteWebDriver.findElementById(RemoteWebDriver.java:413)\n\tat io.appium.java_client.DefaultGenericMobileDriver.findElementById(DefaultGenericMobileDriver.java:64)\n\tat io.appium.java_client.AppiumDriver.findElementById(AppiumDriver.java:1)\n\tat io.appium.java_client.android.AndroidDriver.findElementById(AndroidDriver.java:1)\n\tat org.openqa.selenium.By$ById.findElement(By.java:218)\n\tat org.openqa.selenium.remote.RemoteWebDriver.findElement(RemoteWebDriver.java:355)\n\tat io.appium.java_client.DefaultGenericMobileDriver.findElement(DefaultGenericMobileDriver.java:52)\n\tat io.appium.java_client.AppiumDriver.findElement(AppiumDriver.java:1)\n\tat io.appium.java_client.android.AndroidDriver.findElement(AndroidDriver.java:1)\n\tat org.openqa.selenium.support.ui.ExpectedConditions.findElement(ExpectedConditions.java:899)\n\tat org.openqa.selenium.support.ui.ExpectedConditions.access$000(ExpectedConditions.java:41)\n\tat org.openqa.selenium.support.ui.ExpectedConditions$7.apply(ExpectedConditions.java:205)\n\tat org.openqa.selenium.support.ui.ExpectedConditions$7.apply(ExpectedConditions.java:201)\n\tat org.openqa.selenium.support.ui.FluentWait.until(FluentWait.java:238)\n\t... 27 more\n"},"stage":"finished","description":"Test Description: This is a test","start":1536585125710,"stop":1536585156983,"parameters":[]}